<?xml version="1.0" encoding="UTF-8"?>
<robot generator="Robot 7.0 (Python 3.12.1 on darwin)" generated="2024-01-20T00:39:26.001178" rpa="false" schemaversion="5">
<suite id="s1" name="Goedpaden" source="/Users/tessabeekman/Coding/Tutorial /TestSuite/JSON_API/API aanroepen/Goedpaden.robot">
<test id="s1-t1" name="Fetch Todo" line="12">
<kw name="Create Session" owner="RequestsLibrary">
<msg time="2024-01-20T00:39:26.090449" level="INFO">Creating Session using : alias=jsonplaceholder, url=https://jsonplaceholder.typicode.com, headers={},                     cookies={}, auth=None, timeout=None, proxies=None, verify=False,                     debug=0 </msg>
<arg>jsonplaceholder</arg>
<arg>https://jsonplaceholder.typicode.com</arg>
<doc>Create Session: create a HTTP session to a server</doc>
<status status="PASS" start="2024-01-20T00:39:26.090294" elapsed="0.000918"/>
</kw>
<kw name="GET On Session" owner="RequestsLibrary">
<msg time="2024-01-20T00:39:26.145816" level="INFO">GET Request : url=https://jsonplaceholder.typicode.com/todos/1 
 path_url=/todos/1 
 headers={'User-Agent': 'python-requests/2.31.0', 'Accept-Encoding': 'gzip, deflate', 'Accept': '*/*', 'Connection': 'keep-alive'} 
 body=None 
 </msg>
<msg time="2024-01-20T00:39:26.146019" level="INFO">GET Response : url=https://jsonplaceholder.typicode.com/todos/1 
 status=200, reason=OK 
 headers={'Date': 'Fri, 19 Jan 2024 23:39:26 GMT', 'Content-Type': 'application/json; charset=utf-8', 'Transfer-Encoding': 'chunked', 'Connection': 'keep-alive', 'Report-To': '{"group":"heroku-nel","max_age":3600,"endpoints":[{"url":"https://nel.heroku.com/reports?ts=1701183111&amp;sid=e11707d5-02a7-43ef-b45e-2cf4d2036f7d&amp;s=3jrMlaKmF0xgLKCUO0Fsivkoev%2FN%2FYz2f81MfPYdy5g%3D"}]}', 'Reporting-Endpoints': 'heroku-nel=https://nel.heroku.com/reports?ts=1701183111&amp;sid=e11707d5-02a7-43ef-b45e-2cf4d2036f7d&amp;s=3jrMlaKmF0xgLKCUO0Fsivkoev%2FN%2FYz2f81MfPYdy5g%3D', 'Nel': '{"report_to":"heroku-nel","max_age":3600,"success_fraction":0.005,"failure_fraction":0.05,"response_headers":["Via"]}', 'X-Powered-By': 'Express', 'X-Ratelimit-Limit': '1000', 'X-Ratelimit-Remaining': '999', 'X-Ratelimit-Reset': '1701183164', 'Vary': 'Origin, Accept-Encoding', 'Access-Control-Allow-Credentials': 'true', 'Cache-Control': 'max-age=43200', 'Pragma': 'no-cache', 'Expires': '-1', 'X-Content-Type-Options': 'nosniff', 'Etag': 'W/"53-hfEnumeNh6YirfjyjaujcOPPT+s"', 'Via': '1.1 vegur', 'CF-Cache-Status': 'HIT', 'Age': '18914', 'Server': 'cloudflare', 'CF-RAY': '8482eac0490566f3-AMS', 'Content-Encoding': 'gzip', 'alt-svc': 'h3=":443"; ma=86400'} 
 body={
  "userId": 1,
  "id": 1,
  "title": "delectus aut autem",
  "completed": false
} 
 </msg>
<msg time="2024-01-20T00:39:26.146128" level="INFO">/Library/Frameworks/Python.framework/Versions/3.12/lib/python3.12/site-packages/urllib3/connectionpool.py:1099: InsecureRequestWarning: Unverified HTTPS request is being made to host 'jsonplaceholder.typicode.com'. Adding certificate verification is strongly advised. See: https://urllib3.readthedocs.io/en/latest/advanced-usage.html#tls-warnings
  warnings.warn(</msg>
<msg time="2024-01-20T00:39:26.146300" level="INFO">${response} = &lt;Response [200]&gt;</msg>
<var>${response}</var>
<arg>jsonplaceholder</arg>
<arg>/todos/1</arg>
<doc>Sends a GET request on a previously created HTTP Session.</doc>
<status status="PASS" start="2024-01-20T00:39:26.091422" elapsed="0.054954"/>
</kw>
<kw name="Should Be Equal" owner="BuiltIn">
<msg time="2024-01-20T00:39:26.146932" level="INFO">Argument types are:
&lt;class 'int'&gt;
&lt;class 'str'&gt;</msg>
<msg time="2024-01-20T00:39:26.147042" level="FAIL">200 != httpcode=200</msg>
<arg>${response.status_code}</arg>
<arg>httpcode=200</arg>
<doc>Fails if the given objects are unequal.</doc>
<status status="FAIL" start="2024-01-20T00:39:26.146567" elapsed="0.001119">200 != httpcode=200</status>
</kw>
<kw name="Log" owner="BuiltIn">
<arg>${response.content}</arg>
<doc>Logs the given message with the given level.</doc>
<status status="NOT RUN" start="2024-01-20T00:39:26.147865" elapsed="0.000061"/>
</kw>
<kw name="Delete All Sessions" owner="RequestsLibrary">
<doc>Removes all the session objects</doc>
<status status="NOT RUN" start="2024-01-20T00:39:26.148025" elapsed="0.000044"/>
</kw>
<status status="FAIL" start="2024-01-20T00:39:26.089692" elapsed="0.058506">200 != httpcode=200</status>
</test>
<status status="FAIL" start="2024-01-20T00:39:26.003074" elapsed="0.145906"/>
</suite>
<statistics>
<total>
<stat pass="0" fail="1" skip="0">All Tests</stat>
</total>
<tag>
</tag>
<suite>
<stat pass="0" fail="1" skip="0" id="s1" name="Goedpaden">Goedpaden</stat>
</suite>
</statistics>
<errors>
</errors>
</robot>
